  main.cpp
  solution.cpp
G:\leetcode\Project2\solution.cpp(99,30): warning C4244: “初始化”: 从“double”转换到“const int”，可能丢失数据
G:\leetcode\Project2\solution.cpp(108,11): warning C4267: “初始化”: 从“size_t”转换到“int”，可能丢失数据
G:\leetcode\Project2\solution.cpp(115,12): warning C4244: “return”: 从“__int64”转换到“int”，可能丢失数据
G:\leetcode\Project2\solution.cpp(167,22): warning C4267: “初始化”: 从“size_t”转换到“int”，可能丢失数据
G:\leetcode\Project2\solution.cpp(288,14): warning C4267: “初始化”: 从“size_t”转换到“int”，可能丢失数据
G:\leetcode\Project2\solution.cpp(289,14): warning C4267: “初始化”: 从“size_t”转换到“int”，可能丢失数据
G:\leetcode\Project2\solution.cpp(325,12): warning C4552: ”!=“: 未使用表达式结果
G:\leetcode\Project2\solution.cpp(374,16): warning C4267: “初始化”: 从“size_t”转换到“int”，可能丢失数据
G:\leetcode\Project2\solution.cpp(482,16): warning C4267: “初始化”: 从“size_t”转换到“int”，可能丢失数据
G:\leetcode\Project2\solution.cpp(492,23): warning C4267: “return”: 从“size_t”转换到“int”，可能丢失数据
G:\leetcode\Project2\solution.cpp(626,35): warning C4244: “=”: 从“double”转换到“_Ty”，可能丢失数据
          with
          [
              _Ty=int
          ]
G:\leetcode\Project2\solution.cpp(638,11): warning C4267: “初始化”: 从“size_t”转换到“int”，可能丢失数据
G:\leetcode\Project2\solution.cpp(645,20): warning C4267: “初始化”: 从“size_t”转换到“int”，可能丢失数据
G:\leetcode\Project2\solution.cpp(658,11): warning C4267: “初始化”: 从“size_t”转换到“int”，可能丢失数据
G:\leetcode\Project2\solution.cpp(676,14): warning C4244: “初始化”: 从“__int64”转换到“int”，可能丢失数据
G:\leetcode\Project2\solution.cpp(711,11): warning C4267: “初始化”: 从“size_t”转换到“int”，可能丢失数据
G:\leetcode\Project2\solution.cpp(767,11): warning C4267: “初始化”: 从“size_t”转换到“int”，可能丢失数据
G:\leetcode\Project2\solution.cpp(860,11): warning C4267: “初始化”: 从“size_t”转换到“int”，可能丢失数据
G:\leetcode\Project2\solution.cpp(860,28): warning C4267: “初始化”: 从“size_t”转换到“int”，可能丢失数据
G:\leetcode\Project2\solution.cpp(884,24): warning C4267: “初始化”: 从“size_t”转换到“int”，可能丢失数据
G:\leetcode\Project2\solution.cpp(905,24): warning C4267: “初始化”: 从“size_t”转换到“int”，可能丢失数据
G:\leetcode\Project2\solution.cpp(923,24): warning C4267: “初始化”: 从“size_t”转换到“int”，可能丢失数据
G:\leetcode\Project2\solution.cpp(945,33): warning C4554: “>>”: 检查运算符优先级是否存在的可能的错误；使用括号阐明优先级
G:\leetcode\Project2\solution.cpp(972,19): warning C4244: “初始化”: 从“__int64”转换到“int”，可能丢失数据
G:\leetcode\Project2\solution.cpp(973,17): warning C4267: “初始化”: 从“size_t”转换到“int”，可能丢失数据
G:\leetcode\Project2\solution.cpp(1112,11): warning C4267: “初始化”: 从“size_t”转换到“int”，可能丢失数据
G:\leetcode\Project2\solution.cpp(1149,11): warning C4267: “初始化”: 从“size_t”转换到“int”，可能丢失数据
G:\leetcode\Project2\solution.cpp(1277,23): warning C4267: “初始化”: 从“size_t”转换到“int”，可能丢失数据
G:\leetcode\Project2\solution.cpp(1392,11): warning C4267: “初始化”: 从“size_t”转换到“int”，可能丢失数据
G:\leetcode\Project2\solution.cpp(1393,11): warning C4267: “初始化”: 从“size_t”转换到“int”，可能丢失数据
G:\leetcode\Project2\solution.cpp(1450,11): warning C4267: “初始化”: 从“size_t”转换到“int”，可能丢失数据
G:\leetcode\Project2\solution.cpp(1451,11): warning C4267: “初始化”: 从“size_t”转换到“int”，可能丢失数据
G:\leetcode\Project2\solution.cpp(1491,14): warning C4267: “初始化”: 从“size_t”转换到“int”，可能丢失数据
G:\leetcode\Project2\solution.cpp(1491,36): warning C4267: “初始化”: 从“size_t”转换到“int”，可能丢失数据
G:\leetcode\Project2\solution.cpp(1525,18): warning C4267: “初始化”: 从“size_t”转换到“int”，可能丢失数据
G:\leetcode\Project2\solution.cpp(1577,25): warning C4267: “初始化”: 从“size_t”转换到“int”，可能丢失数据
G:\leetcode\Project2\solution.cpp(1643,15): warning C4244: “初始化”: 从“int”转换到“float”，可能丢失数据
G:\leetcode\Project2\solution.cpp(1758,28): warning C4267: “return”: 从“size_t”转换到“int”，可能丢失数据
G:\leetcode\Project2\solution.cpp(1763,30): warning C4244: “初始化”: 从“double”转换到“const int”，可能丢失数据
G:\leetcode\Project2\solution.cpp(1779,11): warning C4267: “初始化”: 从“size_t”转换到“int”，可能丢失数据
G:\leetcode\Project2\solution.cpp(1815,19): warning C4244: “初始化”: 从“__int64”转换到“int”，可能丢失数据
G:\leetcode\Project2\solution.cpp(1842,11): warning C4267: “初始化”: 从“size_t”转换到“int”，可能丢失数据
G:\leetcode\Project2\solution.cpp(1853,11): warning C4267: “初始化”: 从“size_t”转换到“int”，可能丢失数据
G:\leetcode\Project2\solution.cpp(1858,15): warning C4244: “初始化”: 从“__int64”转换到“int”，可能丢失数据
G:\leetcode\Project2\solution.cpp(1896,15): warning C4267: “初始化”: 从“size_t”转换到“int”，可能丢失数据
G:\leetcode\Project2\solution.cpp(1928,11): warning C4267: “初始化”: 从“size_t”转换到“int”，可能丢失数据
G:\leetcode\Project2\solution.cpp(1996,29): warning C4267: “return”: 从“size_t”转换到“int”，可能丢失数据
G:\leetcode\Project2\solution.cpp(2090,11): warning C4267: “初始化”: 从“size_t”转换到“int”，可能丢失数据
G:\leetcode\Project2\solution.cpp(2091,11): warning C4267: “初始化”: 从“size_t”转换到“int”，可能丢失数据
G:\leetcode\Project2\solution.cpp(2136,29): warning C4267: “初始化”: 从“size_t”转换到“int”，可能丢失数据
G:\leetcode\Project2\solution.cpp(2153,16): warning C4267: “初始化”: 从“size_t”转换到“int”，可能丢失数据
G:\leetcode\Project2\solution.cpp(2245,20): warning C4244: “return”: 从“double”转换到“int”，可能丢失数据
G:\leetcode\Project2\solution.cpp(2372,32): warning C4267: “=”: 从“size_t”转换到“int”，可能丢失数据
G:\leetcode\Project2\solution.cpp(2384,19): warning C4267: “初始化”: 从“size_t”转换到“int”，可能丢失数据
G:\leetcode\Project2\solution.cpp(2387,19): warning C4244: “初始化”: 从“__int64”转换到“int”，可能丢失数据
G:\leetcode\Project2\solution.cpp(2388,20): warning C4244: “初始化”: 从“__int64”转换到“int”，可能丢失数据
G:\leetcode\Project2\solution.cpp(2448,11): warning C4267: “初始化”: 从“size_t”转换到“int”，可能丢失数据
G:\leetcode\Project2\solution.cpp(2453,14): warning C4244: “初始化”: 从“__int64”转换到“int”，可能丢失数据
G:\leetcode\Project2\solution.cpp(2479,22): warning C4267: “初始化”: 从“size_t”转换到“int”，可能丢失数据
G:\leetcode\Project2\solution.cpp(2581,14): warning C4267: “初始化”: 从“size_t”转换到“int”，可能丢失数据
G:\leetcode\Project2\solution.cpp(2632,11): warning C4267: “初始化”: 从“size_t”转换到“int”，可能丢失数据
G:\leetcode\Project2\solution.cpp(2657,16): warning C4267: “初始化”: 从“size_t”转换到“int”，可能丢失数据
G:\leetcode\Project2\solution.cpp(2747,11): warning C4267: “初始化”: 从“size_t”转换到“int”，可能丢失数据
G:\leetcode\Project2\solution.cpp(2893,36): warning C4267: “=”: 从“size_t”转换到“int”，可能丢失数据
G:\leetcode\Project2\solution.cpp(2897,29): warning C4267: “=”: 从“size_t”转换到“int”，可能丢失数据
G:\leetcode\Project2\solution.cpp(2978,18): warning C4267: “初始化”: 从“size_t”转换到“int”，可能丢失数据
G:\leetcode\Project2\solution.cpp(3021,11): warning C4267: “初始化”: 从“size_t”转换到“int”，可能丢失数据
G:\leetcode\Project2\solution.cpp(3030,31): warning C4267: “+=”: 从“size_t”转换到“int”，可能丢失数据
G:\leetcode\Project2\solution.cpp(3069,23): warning C4267: “初始化”: 从“size_t”转换到“int”，可能丢失数据
G:\leetcode\Project2\solution.cpp(3125,18): warning C4244: “=”: 从“__int64”转换到“int”，可能丢失数据
  正在生成代码...
  Project2.vcxproj -> G:\leetcode\x64\Debug\leetcode.exe
